This is pdfTeX, Version 3.1415926-2.4-1.40.13 (MiKTeX 2.9) (preloaded format=pdflatex 2014.3.22)  22 MAR 2014 10:25
entering extended mode
**Thesis.tex
(E:\Dropbox\deep_learning\my_thesis\latex\my_latex_thesis\Thesis.tex
LaTeX2e <2011/06/27>
Babel <v3.8m> and hyphenation patterns for english, afrikaans, ancientgreek, ar
abic, armenian, assamese, basque, bengali, bokmal, bulgarian, catalan, coptic, 
croatian, czech, danish, dutch, esperanto, estonian, farsi, finnish, french, ga
lician, german, german-x-2012-05-30, greek, gujarati, hindi, hungarian, iceland
ic, indonesian, interlingua, irish, italian, kannada, kurmanji, latin, latvian,
 lithuanian, malayalam, marathi, mongolian, mongolianlmc, monogreek, ngerman, n
german-x-2012-05-30, nynorsk, oriya, panjabi, pinyin, polish, portuguese, roman
ian, russian, sanskrit, serbian, slovak, slovenian, spanish, swedish, swissgerm
an, tamil, telugu, turkish, turkmen, ukenglish, ukrainian, uppersorbian, usengl
ishmax, welsh, loaded.
(E:\Dropbox\deep_learning\my_thesis\latex\my_latex_thesis\extreport.cls
Document Class: extreport 1996/10/08 v1.0 Non Standard LaTeX document class
(E:\Dropbox\deep_learning\my_thesis\latex\my_latex_thesis\size13.clo
File: size13.clo 1999/11/11 v1.4a NON-Standard LaTeX file (size option)
)
(e:\Programs\Latex\tex\latex\base\exscale.sty
Package: exscale 2007/10/29 v2.1h Standard LaTeX package exscale
LaTeX Font Info:    Redeclaring symbol font `largesymbols' on input line 52.
LaTeX Font Info:    Overwriting symbol font `largesymbols' in version `normal'
(Font)                  OMX/cmex/m/n --> OMX/cmex/m/n on input line 52.
LaTeX Font Info:    Overwriting symbol font `largesymbols' in version `bold'
(Font)                  OMX/cmex/m/n --> OMX/cmex/m/n on input line 52.
\big@size=\dimen102
)
\c@part=\count79
\c@chapter=\count80
\c@section=\count81
\c@subsection=\count82
\c@subsubsection=\count83
\c@paragraph=\count84
\c@subparagraph=\count85
\c@figure=\count86
\c@table=\count87
\abovecaptionskip=\skip41
\belowcaptionskip=\skip42
\bibindent=\dimen103
)
(e:\Programs\Latex\tex\latex\graphics\graphicx.sty
Package: graphicx 1999/02/16 v1.0f Enhanced LaTeX Graphics (DPC,SPQR)

(e:\Programs\Latex\tex\latex\graphics\keyval.sty
Package: keyval 1999/03/16 v1.13 key=value parser (DPC)
\KV@toks@=\toks14
)
(e:\Programs\Latex\tex\latex\graphics\graphics.sty
Package: graphics 2009/02/05 v1.0o Standard LaTeX Graphics (DPC,SPQR)

(e:\Programs\Latex\tex\latex\graphics\trig.sty
Package: trig 1999/03/16 v1.09 sin cos tan (DPC)
)
(e:\Programs\Latex\tex\latex\00miktex\graphics.cfg
File: graphics.cfg 2007/01/18 v1.5 graphics configuration of teTeX/TeXLive
)
Package graphics Info: Driver file: pdftex.def on input line 91.

(e:\Programs\Latex\tex\latex\pdftex-def\pdftex.def
File: pdftex.def 2011/05/27 v0.06d Graphics/color for pdfTeX

(e:\Programs\Latex\tex\generic\oberdiek\infwarerr.sty
Package: infwarerr 2010/04/08 v1.3 Providing info/warning/error messages (HO)
)
(e:\Programs\Latex\tex\generic\oberdiek\ltxcmds.sty
Package: ltxcmds 2011/11/09 v1.22 LaTeX kernel commands for general use (HO)
)
\Gread@gobject=\count88
))
\Gin@req@height=\dimen104
\Gin@req@width=\dimen105
)
(e:\Programs\Latex\tex\latex\psnfss\mathptmx.sty
Package: mathptmx 2005/04/12 PSNFSS-v9.2a Times w/ Math, improved (SPQR, WaS) 
LaTeX Font Info:    Redeclaring symbol font `operators' on input line 28.
LaTeX Font Info:    Overwriting symbol font `operators' in version `normal'
(Font)                  OT1/cmr/m/n --> OT1/ztmcm/m/n on input line 28.
LaTeX Font Info:    Overwriting symbol font `operators' in version `bold'
(Font)                  OT1/cmr/bx/n --> OT1/ztmcm/m/n on input line 28.
LaTeX Font Info:    Redeclaring symbol font `letters' on input line 29.
LaTeX Font Info:    Overwriting symbol font `letters' in version `normal'
(Font)                  OML/cmm/m/it --> OML/ztmcm/m/it on input line 29.
LaTeX Font Info:    Overwriting symbol font `letters' in version `bold'
(Font)                  OML/cmm/b/it --> OML/ztmcm/m/it on input line 29.
LaTeX Font Info:    Redeclaring symbol font `symbols' on input line 30.
LaTeX Font Info:    Overwriting symbol font `symbols' in version `normal'
(Font)                  OMS/cmsy/m/n --> OMS/ztmcm/m/n on input line 30.
LaTeX Font Info:    Overwriting symbol font `symbols' in version `bold'
(Font)                  OMS/cmsy/b/n --> OMS/ztmcm/m/n on input line 30.
LaTeX Font Info:    Redeclaring symbol font `largesymbols' on input line 31.
LaTeX Font Info:    Overwriting symbol font `largesymbols' in version `normal'
(Font)                  OMX/cmex/m/n --> OMX/ztmcm/m/n on input line 31.
LaTeX Font Info:    Overwriting symbol font `largesymbols' in version `bold'
(Font)                  OMX/cmex/m/n --> OMX/ztmcm/m/n on input line 31.
\symbold=\mathgroup4
\symitalic=\mathgroup5
LaTeX Font Info:    Redeclaring math alphabet \mathbf on input line 34.
LaTeX Font Info:    Overwriting math alphabet `\mathbf' in version `normal'
(Font)                  OT1/cmr/bx/n --> OT1/ptm/bx/n on input line 34.
LaTeX Font Info:    Overwriting math alphabet `\mathbf' in version `bold'
(Font)                  OT1/cmr/bx/n --> OT1/ptm/bx/n on input line 34.
LaTeX Font Info:    Redeclaring math alphabet \mathit on input line 35.
LaTeX Font Info:    Overwriting math alphabet `\mathit' in version `normal'
(Font)                  OT1/cmr/m/it --> OT1/ptm/m/it on input line 35.
LaTeX Font Info:    Overwriting math alphabet `\mathit' in version `bold'
(Font)                  OT1/cmr/bx/it --> OT1/ptm/m/it on input line 35.
LaTeX Info: Redefining \hbar on input line 50.
)
(e:\Programs\Latex\tex\latex\amsmath\amsmath.sty
Package: amsmath 2013/01/14 v2.14 AMS math features
\@mathmargin=\skip43

For additional information on amsmath, use the `?' option.
(e:\Programs\Latex\tex\latex\amsmath\amstext.sty
Package: amstext 2000/06/29 v2.01

(e:\Programs\Latex\tex\latex\amsmath\amsgen.sty
File: amsgen.sty 1999/11/30 v2.0
\@emptytoks=\toks15
\ex@=\dimen106
))
(e:\Programs\Latex\tex\latex\amsmath\amsbsy.sty
Package: amsbsy 1999/11/29 v1.2d
\pmbraise@=\dimen107
)
(e:\Programs\Latex\tex\latex\amsmath\amsopn.sty
Package: amsopn 1999/12/14 v2.01 operator names
)
\inf@bad=\count89
LaTeX Info: Redefining \frac on input line 210.
\uproot@=\count90
\leftroot@=\count91
LaTeX Info: Redefining \overline on input line 306.
\classnum@=\count92
\DOTSCASE@=\count93
LaTeX Info: Redefining \ldots on input line 378.
LaTeX Info: Redefining \dots on input line 381.
LaTeX Info: Redefining \cdots on input line 466.
\Mathstrutbox@=\box26
\strutbox@=\box27
\big@size=\dimen108
LaTeX Font Info:    Redeclaring font encoding OML on input line 566.
LaTeX Font Info:    Redeclaring font encoding OMS on input line 567.
\macc@depth=\count94
\c@MaxMatrixCols=\count95
\dotsspace@=\muskip10
\c@parentequation=\count96
\dspbrk@lvl=\count97
\tag@help=\toks16
\row@=\count98
\column@=\count99
\maxfields@=\count100
\andhelp@=\toks17
\eqnshift@=\dimen109
\alignsep@=\dimen110
\tagshift@=\dimen111
\tagwidth@=\dimen112
\totwidth@=\dimen113
\lineht@=\dimen114
\@envbody=\toks18
\multlinegap=\skip44
\multlinetaggap=\skip45
\mathdisplay@stack=\toks19
LaTeX Info: Redefining \[ on input line 2665.
LaTeX Info: Redefining \] on input line 2666.
)
(e:\Programs\Latex\tex\latex\amsfonts\amsfonts.sty
Package: amsfonts 2013/01/14 v3.01 Basic AMSFonts support
\symAMSa=\mathgroup6
\symAMSb=\mathgroup7
LaTeX Font Info:    Overwriting math alphabet `\mathfrak' in version `bold'
(Font)                  U/euf/m/n --> U/euf/b/n on input line 106.
)
(e:\Programs\Latex\tex\latex\amsfonts\amssymb.sty
Package: amssymb 2013/01/14 v3.01 AMS font symbols
)
(e:\Programs\Latex\tex\latex\fancyhdr\fancyhdr.sty
\fancy@headwidth=\skip46
\f@ncyO@elh=\skip47
\f@ncyO@erh=\skip48
\f@ncyO@olh=\skip49
\f@ncyO@orh=\skip50
\f@ncyO@elf=\skip51
\f@ncyO@erf=\skip52
\f@ncyO@olf=\skip53
\f@ncyO@orf=\skip54
)
(e:\Programs\Latex\tex\latex\amscls\amsthm.sty
Package: amsthm 2004/08/06 v2.20
\thm@style=\toks20
\thm@bodyfont=\toks21
\thm@headfont=\toks22
\thm@notefont=\toks23
\thm@headpunct=\toks24
\thm@preskip=\skip55
\thm@postskip=\skip56
\thm@headsep=\skip57
\dth@everypar=\toks25
)
(e:\Programs\Latex\tex\latex\amsmath\amsxtra.sty
Package: amsxtra 1999/11/15 v1.2c
LaTeX Info: Redefining \nobreakspace on input line 65.
)
(e:\Programs\Latex\tex\latex\base\latexsym.sty
Package: latexsym 1998/08/17 v2.2e Standard LaTeX package (lasy symbols)
\symlasy=\mathgroup8
LaTeX Font Info:    Overwriting symbol font `lasy' in version `bold'
(Font)                  U/lasy/m/n --> U/lasy/b/n on input line 47.
)
(e:\Programs\Latex\tex\latex\amsmath\amscd.sty
Package: amscd 1999/11/29 v2.0
\athelp@=\toks26
\minaw@=\dimen115
\bigaw@=\dimen116
\minCDarrowwidth=\dimen117
)
(e:\Programs\Latex\tex\latex\vntex\vietnam.sty
Package: vietnam 2009/07/12 v1.3 support for Vietnamese

(e:\Programs\Latex\tex\latex\base\ifthen.sty
Package: ifthen 2001/05/26 v1.1c Standard LaTeX ifthen package (DPC)
)
(e:\Programs\Latex\tex\latex\base\fontenc.sty
Package: fontenc 2005/09/27 v1.99g Standard LaTeX package

(e:\Programs\Latex\tex\latex\vntex\t5enc.def
File: t5enc.def 2006/11/21 v1.4 Vietnamese T5 encoding
)
LaTeX Font Info:    Try loading font information for T5+cmr on input line 100.

(e:\Programs\Latex\tex\latex\vntex\t5cmr.fd
File: t5cmr.fd 1999/05/25 v2.5h Standard LaTeX font definitions
))
(e:\Programs\Latex\tex\latex\base\inputenc.sty
Package: inputenc 2008/03/30 v1.1d Input encoding file
\inpenc@prehook=\toks27
\inpenc@posthook=\toks28

(e:\Programs\Latex\tex\latex\base\utf8.def
File: utf8.def 2008/04/05 v1.1m UTF-8 support for inputenc
Now handling font encoding OML ...
... no UTF-8 mapping file for font encoding OML
Now handling font encoding T1 ...
... processing UTF-8 mapping file for font encoding T1

(e:\Programs\Latex\tex\latex\base\t1enc.dfu
File: t1enc.dfu 2008/04/05 v1.1m UTF-8 support for inputenc
   defining Unicode char U+00A1 (decimal 161)
   defining Unicode char U+00A3 (decimal 163)
   defining Unicode char U+00AB (decimal 171)
   defining Unicode char U+00BB (decimal 187)
   defining Unicode char U+00BF (decimal 191)
   defining Unicode char U+00C0 (decimal 192)
   defining Unicode char U+00C1 (decimal 193)
   defining Unicode char U+00C2 (decimal 194)
   defining Unicode char U+00C3 (decimal 195)
   defining Unicode char U+00C4 (decimal 196)
   defining Unicode char U+00C5 (decimal 197)
   defining Unicode char U+00C6 (decimal 198)
   defining Unicode char U+00C7 (decimal 199)
   defining Unicode char U+00C8 (decimal 200)
   defining Unicode char U+00C9 (decimal 201)
   defining Unicode char U+00CA (decimal 202)
   defining Unicode char U+00CB (decimal 203)
   defining Unicode char U+00CC (decimal 204)
   defining Unicode char U+00CD (decimal 205)
   defining Unicode char U+00CE (decimal 206)
   defining Unicode char U+00CF (decimal 207)
   defining Unicode char U+00D0 (decimal 208)
   defining Unicode char U+00D1 (decimal 209)
   defining Unicode char U+00D2 (decimal 210)
   defining Unicode char U+00D3 (decimal 211)
   defining Unicode char U+00D4 (decimal 212)
   defining Unicode char U+00D5 (decimal 213)
   defining Unicode char U+00D6 (decimal 214)
   defining Unicode char U+00D8 (decimal 216)
   defining Unicode char U+00D9 (decimal 217)
   defining Unicode char U+00DA (decimal 218)
   defining Unicode char U+00DB (decimal 219)
   defining Unicode char U+00DC (decimal 220)
   defining Unicode char U+00DD (decimal 221)
   defining Unicode char U+00DE (decimal 222)
   defining Unicode char U+00DF (decimal 223)
   defining Unicode char U+00E0 (decimal 224)
   defining Unicode char U+00E1 (decimal 225)
   defining Unicode char U+00E2 (decimal 226)
   defining Unicode char U+00E3 (decimal 227)
   defining Unicode char U+00E4 (decimal 228)
   defining Unicode char U+00E5 (decimal 229)
   defining Unicode char U+00E6 (decimal 230)
   defining Unicode char U+00E7 (decimal 231)
   defining Unicode char U+00E8 (decimal 232)
   defining Unicode char U+00E9 (decimal 233)
   defining Unicode char U+00EA (decimal 234)
   defining Unicode char U+00EB (decimal 235)
   defining Unicode char U+00EC (decimal 236)
   defining Unicode char U+00ED (decimal 237)
   defining Unicode char U+00EE (decimal 238)
   defining Unicode char U+00EF (decimal 239)
   defining Unicode char U+00F0 (decimal 240)
   defining Unicode char U+00F1 (decimal 241)
   defining Unicode char U+00F2 (decimal 242)
   defining Unicode char U+00F3 (decimal 243)
   defining Unicode char U+00F4 (decimal 244)
   defining Unicode char U+00F5 (decimal 245)
   defining Unicode char U+00F6 (decimal 246)
   defining Unicode char U+00F8 (decimal 248)
   defining Unicode char U+00F9 (decimal 249)
   defining Unicode char U+00FA (decimal 250)
   defining Unicode char U+00FB (decimal 251)
   defining Unicode char U+00FC (decimal 252)
   defining Unicode char U+00FD (decimal 253)
   defining Unicode char U+00FE (decimal 254)
   defining Unicode char U+00FF (decimal 255)
   defining Unicode char U+0102 (decimal 258)
   defining Unicode char U+0103 (decimal 259)
   defining Unicode char U+0104 (decimal 260)
   defining Unicode char U+0105 (decimal 261)
   defining Unicode char U+0106 (decimal 262)
   defining Unicode char U+0107 (decimal 263)
   defining Unicode char U+010C (decimal 268)
   defining Unicode char U+010D (decimal 269)
   defining Unicode char U+010E (decimal 270)
   defining Unicode char U+010F (decimal 271)
   defining Unicode char U+0110 (decimal 272)
   defining Unicode char U+0111 (decimal 273)
   defining Unicode char U+0118 (decimal 280)
   defining Unicode char U+0119 (decimal 281)
   defining Unicode char U+011A (decimal 282)
   defining Unicode char U+011B (decimal 283)
   defining Unicode char U+011E (decimal 286)
   defining Unicode char U+011F (decimal 287)
   defining Unicode char U+0130 (decimal 304)
   defining Unicode char U+0131 (decimal 305)
   defining Unicode char U+0132 (decimal 306)
   defining Unicode char U+0133 (decimal 307)
   defining Unicode char U+0139 (decimal 313)
   defining Unicode char U+013A (decimal 314)
   defining Unicode char U+013D (decimal 317)
   defining Unicode char U+013E (decimal 318)
   defining Unicode char U+0141 (decimal 321)
   defining Unicode char U+0142 (decimal 322)
   defining Unicode char U+0143 (decimal 323)
   defining Unicode char U+0144 (decimal 324)
   defining Unicode char U+0147 (decimal 327)
   defining Unicode char U+0148 (decimal 328)
   defining Unicode char U+014A (decimal 330)
   defining Unicode char U+014B (decimal 331)
   defining Unicode char U+0150 (decimal 336)
   defining Unicode char U+0151 (decimal 337)
   defining Unicode char U+0152 (decimal 338)
   defining Unicode char U+0153 (decimal 339)
   defining Unicode char U+0154 (decimal 340)
   defining Unicode char U+0155 (decimal 341)
   defining Unicode char U+0158 (decimal 344)
   defining Unicode char U+0159 (decimal 345)
   defining Unicode char U+015A (decimal 346)
   defining Unicode char U+015B (decimal 347)
   defining Unicode char U+015E (decimal 350)
   defining Unicode char U+015F (decimal 351)
   defining Unicode char U+0160 (decimal 352)
   defining Unicode char U+0161 (decimal 353)
   defining Unicode char U+0162 (decimal 354)
   defining Unicode char U+0163 (decimal 355)
   defining Unicode char U+0164 (decimal 356)
   defining Unicode char U+0165 (decimal 357)
   defining Unicode char U+016E (decimal 366)
   defining Unicode char U+016F (decimal 367)
   defining Unicode char U+0170 (decimal 368)
   defining Unicode char U+0171 (decimal 369)
   defining Unicode char U+0178 (decimal 376)
   defining Unicode char U+0179 (decimal 377)
   defining Unicode char U+017A (decimal 378)
   defining Unicode char U+017B (decimal 379)
   defining Unicode char U+017C (decimal 380)
   defining Unicode char U+017D (decimal 381)
   defining Unicode char U+017E (decimal 382)
   defining Unicode char U+200C (decimal 8204)
   defining Unicode char U+2013 (decimal 8211)
   defining Unicode char U+2014 (decimal 8212)
   defining Unicode char U+2018 (decimal 8216)
   defining Unicode char U+2019 (decimal 8217)
   defining Unicode char U+201A (decimal 8218)
   defining Unicode char U+201C (decimal 8220)
   defining Unicode char U+201D (decimal 8221)
   defining Unicode char U+201E (decimal 8222)
   defining Unicode char U+2030 (decimal 8240)
   defining Unicode char U+2031 (decimal 8241)
   defining Unicode char U+2039 (decimal 8249)
   defining Unicode char U+203A (decimal 8250)
   defining Unicode char U+2423 (decimal 9251)
)
Now handling font encoding OT1 ...
... processing UTF-8 mapping file for font encoding OT1

(e:\Programs\Latex\tex\latex\base\ot1enc.dfu
File: ot1enc.dfu 2008/04/05 v1.1m UTF-8 support for inputenc
   defining Unicode char U+00A1 (decimal 161)
   defining Unicode char U+00A3 (decimal 163)
   defining Unicode char U+00B8 (decimal 184)
   defining Unicode char U+00BF (decimal 191)
   defining Unicode char U+00C5 (decimal 197)
   defining Unicode char U+00C6 (decimal 198)
   defining Unicode char U+00D8 (decimal 216)
   defining Unicode char U+00DF (decimal 223)
   defining Unicode char U+00E6 (decimal 230)
   defining Unicode char U+00EC (decimal 236)
   defining Unicode char U+00ED (decimal 237)
   defining Unicode char U+00EE (decimal 238)
   defining Unicode char U+00EF (decimal 239)
   defining Unicode char U+00F8 (decimal 248)
   defining Unicode char U+0131 (decimal 305)
   defining Unicode char U+0141 (decimal 321)
   defining Unicode char U+0142 (decimal 322)
   defining Unicode char U+0152 (decimal 338)
   defining Unicode char U+0153 (decimal 339)
   defining Unicode char U+2013 (decimal 8211)
   defining Unicode char U+2014 (decimal 8212)
   defining Unicode char U+2018 (decimal 8216)
   defining Unicode char U+2019 (decimal 8217)
   defining Unicode char U+201C (decimal 8220)
   defining Unicode char U+201D (decimal 8221)
)
Now handling font encoding OMS ...
... processing UTF-8 mapping file for font encoding OMS

(e:\Programs\Latex\tex\latex\base\omsenc.dfu
File: omsenc.dfu 2008/04/05 v1.1m UTF-8 support for inputenc
   defining Unicode char U+00A7 (decimal 167)
   defining Unicode char U+00B6 (decimal 182)
   defining Unicode char U+00B7 (decimal 183)
   defining Unicode char U+2020 (decimal 8224)
   defining Unicode char U+2021 (decimal 8225)
   defining Unicode char U+2022 (decimal 8226)
)
Now handling font encoding OMX ...
... no UTF-8 mapping file for font encoding OMX
Now handling font encoding U ...
... no UTF-8 mapping file for font encoding U
Now handling font encoding T5 ...
... processing UTF-8 mapping file for font encoding T5

(e:\Programs\Latex\tex\latex\vntex\t5enc.dfu
File: t5enc.dfu 2006/08/19 v1.1 UTF8 support for Vietnamese
   defining Unicode char U+00AB (decimal 171)
   defining Unicode char U+00BB (decimal 187)
   defining Unicode char U+00C0 (decimal 192)
   defining Unicode char U+00C1 (decimal 193)
   defining Unicode char U+00C2 (decimal 194)
   defining Unicode char U+00C3 (decimal 195)
   defining Unicode char U+00C8 (decimal 200)
   defining Unicode char U+00C9 (decimal 201)
   defining Unicode char U+00CA (decimal 202)
   defining Unicode char U+00CC (decimal 204)
   defining Unicode char U+00CD (decimal 205)
   defining Unicode char U+00D2 (decimal 210)
   defining Unicode char U+00D3 (decimal 211)
   defining Unicode char U+00D4 (decimal 212)
   defining Unicode char U+00D5 (decimal 213)
   defining Unicode char U+00D9 (decimal 217)
   defining Unicode char U+00DA (decimal 218)
   defining Unicode char U+00DD (decimal 221)
   defining Unicode char U+00E0 (decimal 224)
   defining Unicode char U+00E1 (decimal 225)
   defining Unicode char U+00E2 (decimal 226)
   defining Unicode char U+00E3 (decimal 227)
   defining Unicode char U+00E8 (decimal 232)
   defining Unicode char U+00E9 (decimal 233)
   defining Unicode char U+00EA (decimal 234)
   defining Unicode char U+00EC (decimal 236)
   defining Unicode char U+00ED (decimal 237)
   defining Unicode char U+00F2 (decimal 242)
   defining Unicode char U+00F3 (decimal 243)
   defining Unicode char U+00F4 (decimal 244)
   defining Unicode char U+00F5 (decimal 245)
   defining Unicode char U+00F9 (decimal 249)
   defining Unicode char U+00FA (decimal 250)
   defining Unicode char U+00FD (decimal 253)
   defining Unicode char U+0102 (decimal 258)
   defining Unicode char U+0103 (decimal 259)
   defining Unicode char U+0110 (decimal 272)
   defining Unicode char U+0111 (decimal 273)
   defining Unicode char U+0128 (decimal 296)
   defining Unicode char U+0129 (decimal 297)
   defining Unicode char U+0131 (decimal 305)
   defining Unicode char U+0168 (decimal 360)
   defining Unicode char U+0169 (decimal 361)
   defining Unicode char U+01A0 (decimal 416)
   defining Unicode char U+01A1 (decimal 417)
   defining Unicode char U+01AF (decimal 431)
   defining Unicode char U+01B0 (decimal 432)
   defining Unicode char U+1EA0 (decimal 7840)
   defining Unicode char U+1EA1 (decimal 7841)
   defining Unicode char U+1EA2 (decimal 7842)
   defining Unicode char U+1EA3 (decimal 7843)
   defining Unicode char U+1EA4 (decimal 7844)
   defining Unicode char U+1EA5 (decimal 7845)
   defining Unicode char U+1EA6 (decimal 7846)
   defining Unicode char U+1EA7 (decimal 7847)
   defining Unicode char U+1EA8 (decimal 7848)
   defining Unicode char U+1EA9 (decimal 7849)
   defining Unicode char U+1EAA (decimal 7850)
   defining Unicode char U+1EAB (decimal 7851)
   defining Unicode char U+1EAC (decimal 7852)
   defining Unicode char U+1EAD (decimal 7853)
   defining Unicode char U+1EAE (decimal 7854)
   defining Unicode char U+1EAF (decimal 7855)
   defining Unicode char U+1EB0 (decimal 7856)
   defining Unicode char U+1EB1 (decimal 7857)
   defining Unicode char U+1EB2 (decimal 7858)
   defining Unicode char U+1EB3 (decimal 7859)
   defining Unicode char U+1EB4 (decimal 7860)
   defining Unicode char U+1EB5 (decimal 7861)
   defining Unicode char U+1EB6 (decimal 7862)
   defining Unicode char U+1EB7 (decimal 7863)
   defining Unicode char U+1EB8 (decimal 7864)
   defining Unicode char U+1EB9 (decimal 7865)
   defining Unicode char U+1EBA (decimal 7866)
   defining Unicode char U+1EBB (decimal 7867)
   defining Unicode char U+1EBC (decimal 7868)
   defining Unicode char U+1EBD (decimal 7869)
   defining Unicode char U+1EBE (decimal 7870)
   defining Unicode char U+1EBF (decimal 7871)
   defining Unicode char U+1EC0 (decimal 7872)
   defining Unicode char U+1EC1 (decimal 7873)
   defining Unicode char U+1EC2 (decimal 7874)
   defining Unicode char U+1EC3 (decimal 7875)
   defining Unicode char U+1EC4 (decimal 7876)
   defining Unicode char U+1EC5 (decimal 7877)
   defining Unicode char U+1EC6 (decimal 7878)
   defining Unicode char U+1EC7 (decimal 7879)
   defining Unicode char U+1EC8 (decimal 7880)
   defining Unicode char U+1EC9 (decimal 7881)
   defining Unicode char U+1ECA (decimal 7882)
   defining Unicode char U+1ECB (decimal 7883)
   defining Unicode char U+1ECC (decimal 7884)
   defining Unicode char U+1ECD (decimal 7885)
   defining Unicode char U+1ECE (decimal 7886)
   defining Unicode char U+1ECF (decimal 7887)
   defining Unicode char U+1ED0 (decimal 7888)
   defining Unicode char U+1ED1 (decimal 7889)
   defining Unicode char U+1ED2 (decimal 7890)
   defining Unicode char U+1ED3 (decimal 7891)
   defining Unicode char U+1ED4 (decimal 7892)
   defining Unicode char U+1ED5 (decimal 7893)
   defining Unicode char U+1ED6 (decimal 7894)
   defining Unicode char U+1ED7 (decimal 7895)
   defining Unicode char U+1ED8 (decimal 7896)
   defining Unicode char U+1ED9 (decimal 7897)
   defining Unicode char U+1EDA (decimal 7898)
   defining Unicode char U+1EDB (decimal 7899)
   defining Unicode char U+1EDC (decimal 7900)
   defining Unicode char U+1EDD (decimal 7901)
   defining Unicode char U+1EDE (decimal 7902)
   defining Unicode char U+1EDF (decimal 7903)
   defining Unicode char U+1EE0 (decimal 7904)
   defining Unicode char U+1EE1 (decimal 7905)
   defining Unicode char U+1EE2 (decimal 7906)
   defining Unicode char U+1EE3 (decimal 7907)
   defining Unicode char U+1EE4 (decimal 7908)
   defining Unicode char U+1EE5 (decimal 7909)
   defining Unicode char U+1EE6 (decimal 7910)
   defining Unicode char U+1EE7 (decimal 7911)
   defining Unicode char U+1EE8 (decimal 7912)
   defining Unicode char U+1EE9 (decimal 7913)
   defining Unicode char U+1EEA (decimal 7914)
   defining Unicode char U+1EEB (decimal 7915)
   defining Unicode char U+1EEC (decimal 7916)
   defining Unicode char U+1EED (decimal 7917)
   defining Unicode char U+1EEE (decimal 7918)
   defining Unicode char U+1EEF (decimal 7919)
   defining Unicode char U+1EF0 (decimal 7920)
   defining Unicode char U+1EF1 (decimal 7921)
   defining Unicode char U+1EF2 (decimal 7922)
   defining Unicode char U+1EF3 (decimal 7923)
   defining Unicode char U+1EF4 (decimal 7924)
   defining Unicode char U+1EF5 (decimal 7925)
   defining Unicode char U+1EF6 (decimal 7926)
   defining Unicode char U+1EF7 (decimal 7927)
   defining Unicode char U+1EF8 (decimal 7928)
   defining Unicode char U+1EF9 (decimal 7929)
   defining Unicode char U+200C (decimal 8204)
   defining Unicode char U+2013 (decimal 8211)
   defining Unicode char U+2014 (decimal 8212)
   defining Unicode char U+2018 (decimal 8216)
   defining Unicode char U+2019 (decimal 8217)
   defining Unicode char U+201A (decimal 8218)
   defining Unicode char U+201C (decimal 8220)
   defining Unicode char U+201D (decimal 8221)
   defining Unicode char U+201E (decimal 8222)
   defining Unicode char U+2030 (decimal 8240)
   defining Unicode char U+2031 (decimal 8241)
   defining Unicode char U+2039 (decimal 8249)
   defining Unicode char U+203A (decimal 8250)
   defining Unicode char U+2423 (decimal 9251)
)
   defining Unicode char U+00A9 (decimal 169)
   defining Unicode char U+00AA (decimal 170)
   defining Unicode char U+00AE (decimal 174)
   defining Unicode char U+00BA (decimal 186)
   defining Unicode char U+02C6 (decimal 710)
   defining Unicode char U+02DC (decimal 732)
   defining Unicode char U+200C (decimal 8204)
   defining Unicode char U+2026 (decimal 8230)
   defining Unicode char U+2122 (decimal 8482)
   defining Unicode char U+2423 (decimal 9251)
))
(e:\Programs\Latex\tex\latex\vntex\vncaps.tex
File: vncaps.tex 2006/06/07 v1.1 Captions in Vietnamese
))
(e:\Programs\Latex\tex\latex\geometry\geometry.sty
Package: geometry 2010/09/12 v5.6 Page Geometry

(e:\Programs\Latex\tex\generic\oberdiek\ifpdf.sty
Package: ifpdf 2011/01/30 v2.3 Provides the ifpdf switch (HO)
Package ifpdf Info: pdfTeX in PDF mode is detected.
)
(e:\Programs\Latex\tex\generic\oberdiek\ifvtex.sty
Package: ifvtex 2010/03/01 v1.5 Detect VTeX and its facilities (HO)
Package ifvtex Info: VTeX not detected.
)
(e:\Programs\Latex\tex\generic\ifxetex\ifxetex.sty
Package: ifxetex 2010/09/12 v0.6 Provides ifxetex conditional
)
\Gm@cnth=\count101
\Gm@cntv=\count102
\c@Gm@tempcnt=\count103
\Gm@bindingoffset=\dimen118
\Gm@wd@mp=\dimen119
\Gm@odd@mp=\dimen120
\Gm@even@mp=\dimen121
\Gm@layoutwidth=\dimen122
\Gm@layoutheight=\dimen123
\Gm@layouthoffset=\dimen124
\Gm@layoutvoffset=\dimen125
\Gm@dimlist=\toks29

(e:\Programs\Latex\tex\latex\geometry\geometry.cfg))
(e:\Programs\Latex\tex\latex\tocloft\tocloft.sty
Package: tocloft 2013/05/02 v2.3f parameterised ToC, etc., typesetting
Package tocloft Info: The document has chapter divisions on input line 44.
\cftparskip=\skip58
\cftbeforetoctitleskip=\skip59
\cftaftertoctitleskip=\skip60
\cftbeforepartskip=\skip61
\cftpartnumwidth=\skip62
\cftpartindent=\skip63
\cftbeforechapskip=\skip64
\cftchapindent=\skip65
\cftchapnumwidth=\skip66
\cftbeforesecskip=\skip67
\cftsecindent=\skip68
\cftsecnumwidth=\skip69
\cftbeforesubsecskip=\skip70
\cftsubsecindent=\skip71
\cftsubsecnumwidth=\skip72
\cftbeforesubsubsecskip=\skip73
\cftsubsubsecindent=\skip74
\cftsubsubsecnumwidth=\skip75
\cftbeforeparaskip=\skip76
\cftparaindent=\skip77
\cftparanumwidth=\skip78
\cftbeforesubparaskip=\skip79
\cftsubparaindent=\skip80
\cftsubparanumwidth=\skip81
\cftbeforeloftitleskip=\skip82
\cftafterloftitleskip=\skip83
\cftbeforefigskip=\skip84
\cftfigindent=\skip85
\cftfignumwidth=\skip86
\c@lofdepth=\count104
\c@lotdepth=\count105
\cftbeforelottitleskip=\skip87
\cftafterlottitleskip=\skip88
\cftbeforetabskip=\skip89
\cfttabindent=\skip90
\cfttabnumwidth=\skip91
)
(e:\Programs\Latex\tex\latex\type1cm\type1cm.sty
Package: type1cm 2002/09/05 v0.04 BlueSky/Y&Y Type1 CM font definitions (DPC, p
atched RF)
)
(e:\Programs\Latex\tex\latex\vector\vector.sty
Package: vector 1994/09/16 v1.0 vector macros for LaTeX2e (nde)

(e:\Programs\Latex\tex\latex\tools\calc.sty
Package: calc 2007/08/22 v4.3 Infix arithmetic (KKT,FJ)
\calc@Acount=\count106
\calc@Bcount=\count107
\calc@Adimen=\dimen126
\calc@Bdimen=\dimen127
\calc@Askip=\skip92
\calc@Bskip=\skip93
LaTeX Info: Redefining \setlength on input line 76.
LaTeX Info: Redefining \addtolength on input line 77.
\calc@Ccount=\count108
\calc@Cskip=\skip94
)
\c@vec@elem=\count109
)
(e:\Programs\Latex\tex\latex\graphics\color.sty
Package: color 2005/11/14 v1.0j Standard LaTeX Color (DPC)

(e:\Programs\Latex\tex\latex\00miktex\color.cfg
File: color.cfg 2007/01/18 v1.5 color configuration of teTeX/TeXLive
)
Package color Info: Driver file: pdftex.def on input line 130.
)
(e:\Programs\Latex\tex\latex\xcolor\xcolor.sty
Package: xcolor 2007/01/21 v2.11 LaTeX color extensions (UK)

(e:\Programs\Latex\tex\latex\00miktex\color.cfg
File: color.cfg 2007/01/18 v1.5 color configuration of teTeX/TeXLive
)
Package xcolor Info: Package option `usenames' ignored on input line 216.
Package xcolor Info: Driver file: pdftex.def on input line 225.
LaTeX Info: Redefining \color on input line 702.
Package xcolor Info: Model `cmy' substituted by `cmy0' on input line 1337.
Package xcolor Info: Model `hsb' substituted by `rgb' on input line 1341.
Package xcolor Info: Model `RGB' extended on input line 1353.
Package xcolor Info: Model `HTML' substituted by `rgb' on input line 1355.
Package xcolor Info: Model `Hsb' substituted by `hsb' on input line 1356.
Package xcolor Info: Model `tHsb' substituted by `hsb' on input line 1357.
Package xcolor Info: Model `HSB' substituted by `hsb' on input line 1358.
Package xcolor Info: Model `Gray' substituted by `gray' on input line 1359.
Package xcolor Info: Model `wave' substituted by `hsb' on input line 1360.

(e:\Programs\Latex\tex\latex\graphics\dvipsnam.def
File: dvipsnam.def 1999/02/16 v3.0i Driver-dependant file (DPC,SPQR)
))
(e:\Programs\Latex\tex\latex\caption\subcaption.sty

LaTeX Warning: You have requested package `caption/subcaption',
               but the package provides `subcaption'.

Package: subcaption 2013/02/03 v1.1-62 Sub-captions (AR)
(e:\Programs\Latex\tex\latex\caption\caption.sty
Package: caption 2013/05/02 v3.3-89 Customizing captions (AR)

(e:\Programs\Latex\tex\latex\caption\caption3.sty
Package: caption3 2013/05/02 v1.6-88 caption3 kernel (AR)
Package caption3 Info: TeX engine: e-TeX on input line 57.
\captionmargin=\dimen128
\captionmargin@=\dimen129
\captionwidth=\dimen130
\caption@tempdima=\dimen131
\caption@indent=\dimen132
\caption@parindent=\dimen133
\caption@hangindent=\dimen134
)
\c@ContinuedFloat=\count110
)
\c@subfigure=\count111
\c@subtable=\count112
)
(e:\Programs\Latex\tex\latex\placeins\placeins.sty
Package: placeins 2005/04/18  v 2.2
)
(e:\Programs\Latex\tex\latex\pbox\pbox.sty
Package: pbox 2011/12/07 v1.2 Dynamic parboxes
\pb@xlen=\skip95
)
(e:\Programs\Latex\tex\latex\framed\framed.sty
Package: framed 2011/10/22 v 0.96: framed or shaded text with page breaks
\OuterFrameSep=\skip96
\fb@frw=\dimen135
\fb@frh=\dimen136
\FrameRule=\dimen137
\FrameSep=\dimen138
)
(e:\Programs\Latex\tex\latex\ltxmisc\url.sty
\Urlmuskip=\muskip11
Package: url 2006/04/12  ver 3.3  Verb mode for urls, etc.
)
(e:\Programs\Latex\tex\latex\hyperref\hyperref.sty
Package: hyperref 2012/11/06 v6.83m Hypertext links for LaTeX

(e:\Programs\Latex\tex\generic\oberdiek\hobsub-hyperref.sty
Package: hobsub-hyperref 2012/04/25 v1.12 Bundle oberdiek, subset hyperref (HO)


(e:\Programs\Latex\tex\generic\oberdiek\hobsub-generic.sty
Package: hobsub-generic 2012/04/25 v1.12 Bundle oberdiek, subset generic (HO)
Package: hobsub 2012/04/25 v1.12 Construct package bundles (HO)
Package hobsub Info: Skipping package `infwarerr' (already loaded).
Package hobsub Info: Skipping package `ltxcmds' (already loaded).
Package: ifluatex 2010/03/01 v1.3 Provides the ifluatex switch (HO)
Package ifluatex Info: LuaTeX not detected.
Package hobsub Info: Skipping package `ifvtex' (already loaded).
Package: intcalc 2007/09/27 v1.1 Expandable calculations with integers (HO)
Package hobsub Info: Skipping package `ifpdf' (already loaded).
Package: etexcmds 2011/02/16 v1.5 Avoid name clashes with e-TeX commands (HO)
Package etexcmds Info: Could not find \expanded.
(etexcmds)             That can mean that you are not using pdfTeX 1.50 or
(etexcmds)             that some package has redefined \expanded.
(etexcmds)             In the latter case, load this package earlier.
Package: kvsetkeys 2012/04/25 v1.16 Key value parser (HO)
Package: kvdefinekeys 2011/04/07 v1.3 Define keys (HO)
Package: pdftexcmds 2011/11/29 v0.20 Utility functions of pdfTeX for LuaTeX (HO
)
Package pdftexcmds Info: LuaTeX not detected.
Package pdftexcmds Info: \pdf@primitive is available.
Package pdftexcmds Info: \pdf@ifprimitive is available.
Package pdftexcmds Info: \pdfdraftmode found.
Package: pdfescape 2011/11/25 v1.13 Implements pdfTeX's escape features (HO)
Package: bigintcalc 2012/04/08 v1.3 Expandable calculations on big integers (HO
)
Package: bitset 2011/01/30 v1.1 Handle bit-vector datatype (HO)
Package: uniquecounter 2011/01/30 v1.2 Provide unlimited unique counter (HO)
)
Package hobsub Info: Skipping package `hobsub' (already loaded).
Package: letltxmacro 2010/09/02 v1.4 Let assignment for LaTeX macros (HO)
Package: hopatch 2011/06/24 v1.1 Wrapper for package hooks (HO)
Package: xcolor-patch 2011/01/30 xcolor patch
Package: atveryend 2011/06/30 v1.8 Hooks at the very end of document (HO)
Package atveryend Info: \enddocument detected (standard20110627).
Package: atbegshi 2011/10/05 v1.16 At begin shipout hook (HO)
Package: refcount 2011/10/16 v3.4 Data extraction from label references (HO)
Package: hycolor 2011/01/30 v1.7 Color options for hyperref/bookmark (HO)
)
(e:\Programs\Latex\tex\latex\oberdiek\auxhook.sty
Package: auxhook 2011/03/04 v1.3 Hooks for auxiliary files (HO)
)
(e:\Programs\Latex\tex\latex\oberdiek\kvoptions.sty
Package: kvoptions 2011/06/30 v3.11 Key value format for package options (HO)
)
\@linkdim=\dimen139
\Hy@linkcounter=\count113
\Hy@pagecounter=\count114

(e:\Programs\Latex\tex\latex\hyperref\pd1enc.def
File: pd1enc.def 2012/11/06 v6.83m Hyperref: PDFDocEncoding definition (HO)
Now handling font encoding PD1 ...
... no UTF-8 mapping file for font encoding PD1
)
\Hy@SavedSpaceFactor=\count115

(e:\Programs\Latex\tex\latex\00miktex\hyperref.cfg
File: hyperref.cfg 2002/06/06 v1.2 hyperref configuration of TeXLive
)
Package hyperref Info: Option `unicode' set `true' on input line 4319.

(e:\Programs\Latex\tex\latex\hyperref\puenc.def
File: puenc.def 2012/11/06 v6.83m Hyperref: PDF Unicode definition (HO)
Now handling font encoding PU ...
... no UTF-8 mapping file for font encoding PU
)
Package hyperref Info: Option `plainpages' set `false' on input line 4319.
Package hyperref Info: Option `pdfpagelabels' set `true' on input line 4319.
Package hyperref Info: Option `bookmarks' set `true' on input line 4319.
Package hyperref Info: Option `bookmarksopen' set `true' on input line 4319.
Package hyperref Info: Option `bookmarksnumbered' set `true' on input line 4319
.
Package hyperref Info: Option `breaklinks' set `true' on input line 4319.
Package hyperref Info: Option `linktocpage' set `true' on input line 4319.
Package hyperref Info: Option `colorlinks' set `true' on input line 4319.
Package hyperref Info: Option `hyperindex' set `true' on input line 4319.
Package hyperref Info: Option `hyperfigures' set `true' on input line 4319.
Package hyperref Info: Hyper figures ON on input line 4441.
Package hyperref Info: Link nesting OFF on input line 4448.
Package hyperref Info: Hyper index ON on input line 4451.
Package hyperref Info: Plain pages OFF on input line 4458.
Package hyperref Info: Backreferencing ON on input line 4461.
Package hyperref Info: Implicit mode ON; LaTeX internals redefined.
Package hyperref Info: Bookmarks ON on input line 4688.

(e:\Programs\Latex\tex\latex\hyperref\backref.sty
Package: backref 2012/07/25 v1.38 Bibliographical back referencing

(e:\Programs\Latex\tex\latex\oberdiek\rerunfilecheck.sty
Package: rerunfilecheck 2011/04/15 v1.7 Rerun checks for auxiliary files (HO)
Package uniquecounter Info: New unique counter `rerunfilecheck' on input line 2
82.
))
\c@Hy@tempcnt=\count116
LaTeX Info: Redefining \url on input line 5041.
\XeTeXLinkMargin=\dimen140
\Fld@menulength=\count117
\Field@Width=\dimen141
\Fld@charsize=\dimen142
Package hyperref Info: Hyper figures ON on input line 6293.
Package hyperref Info: Link nesting OFF on input line 6300.
Package hyperref Info: Hyper index ON on input line 6303.
Package hyperref Info: backreferencing ON on input line 6308.
Package hyperref Info: Link coloring ON on input line 6313.
Package hyperref Info: Link coloring with OCG OFF on input line 6320.
Package hyperref Info: PDF/A mode OFF on input line 6325.
LaTeX Info: Redefining \ref on input line 6365.
LaTeX Info: Redefining \pageref on input line 6369.
\Hy@abspage=\count118
\c@Item=\count119
\c@Hfootnote=\count120
)

Package hyperref Message: Driver (autodetected): hpdftex.

(e:\Programs\Latex\tex\latex\hyperref\hpdftex.def
File: hpdftex.def 2012/11/06 v6.83m Hyperref driver for pdfTeX
\Fld@listcount=\count121
\c@bookmark@seq@number=\count122
\Hy@SectionHShift=\skip97
)
(e:\Programs\Latex\tex\latex\algorithms\algorithm.sty
Package: algorithm 2009/08/24 v0.1 Document Style `algorithm' - floating enviro
nment

(e:\Programs\Latex\tex\latex\float\float.sty
Package: float 2001/11/08 v1.3d Float enhancements (AL)
\c@float@type=\count123
\float@exts=\toks30
\float@box=\box28
\@float@everytoks=\toks31
\@floatcapt=\box29
)
\@float@every@algorithm=\toks32
\c@algorithm=\count124
)
(e:\Programs\Latex\tex\latex\algorithmicx\algpseudocode.sty
Package: algpseudocode 

(e:\Programs\Latex\tex\latex\algorithmicx\algorithmicx.sty
Package: algorithmicx 2005/04/27 v1.2 Algorithmicx

Document Style algorithmicx 1.2 - a greatly improved `algorithmic' style
\c@ALG@line=\count125
\c@ALG@rem=\count126
\c@ALG@nested=\count127
\ALG@tlm=\skip98
\ALG@thistlm=\skip99
\c@ALG@Lnr=\count128
\c@ALG@blocknr=\count129
\c@ALG@storecount=\count130
\c@ALG@tmpcounter=\count131
\ALG@tmplength=\skip100
)
Document Style - pseudocode environments for use with the `algorithmicx' style
) (e:\Programs\Latex\tex\latex\setspace\setspace.sty
Package: setspace 2011/12/19 v6.7a set line spacing
)
(e:\Programs\Latex\tex\latex\tools\longtable.sty
Package: longtable 2004/02/01 v4.11 Multi-page Table package (DPC)
\LTleft=\skip101
\LTright=\skip102
\LTpre=\skip103
\LTpost=\skip104
\LTchunksize=\count132
\LTcapwidth=\dimen143
\LT@head=\box30
\LT@firsthead=\box31
\LT@foot=\box32
\LT@lastfoot=\box33
\LT@cols=\count133
\LT@rows=\count134
\c@LT@tables=\count135
\c@LT@chunks=\count136
\LT@p@ftn=\toks33
)
(e:\Programs\Latex\tex\latex\glossaries\base\glossaries.sty
Package: glossaries 2014/03/12 v4.06 (NLCT)

(e:\Programs\Latex\tex\latex\xkeyval\xkeyval.sty
Package: xkeyval 2012/10/14 v2.6b package option processing (HA)

(e:\Programs\Latex\tex\generic\xkeyval\xkeyval.tex
\XKV@toks=\toks34
\XKV@tempa@toks=\toks35
\XKV@depth=\count137
File: xkeyval.tex 2012/10/14 v2.6b key=value parser (HA)
))
(e:\Programs\Latex\tex\latex\glossaries\base\mfirstuc.sty
Package: mfirstuc 2013/11/04 v1.08 (NLCT)

(e:\Programs\Latex\tex\latex\etoolbox\etoolbox.sty
Package: etoolbox 2011/01/03 v2.1 e-TeX tools for LaTeX

(e:\Programs\Latex\tex\latex\misc\etex.sty
Package: etex 1998/03/26 v2.0 eTeX basic definition package (PEB)
\et@xins=\count138
)
\etb@tempcnta=\count139
)
\@glsmfirst=\toks36
\@glsmrest=\toks37
)
(e:\Programs\Latex\tex\latex\textcase\textcase.sty
Package: textcase 2004/10/07 v0.07 Text only upper/lower case changing (DPC)
)
(e:\Programs\Latex\tex\latex\xfor\xfor.sty
Package: xfor 2009/02/05 v1.05 (NLCT)
)
(e:\Programs\Latex\tex\latex\datatool\datatool-base.sty
Package: datatool-base 2013/09/06 v2.18 (NLCT)

(e:\Programs\Latex\tex\latex\substr\substr.sty
Package: substr 2009/10/20 v1.2 Handle substrings
\c@su@anzahl=\count140
)
(e:\Programs\Latex\tex\latex\datatool\datatool-fp.sty
Package: datatool-fp 2013/08/29 v2.17 (NLCT)

(e:\Programs\Latex\tex\latex\fp\fp.sty
Package: fp 1995/04/02

`Fixed Point Package', Version 0.8, April 2, 1995 (C) Michael Mehlich
(e:\Programs\Latex\tex\latex\fp\defpattern.sty
Package: defpattern 1994/10/12
\actioncount=\count141
)
(e:\Programs\Latex\tex\latex\fp\fp-basic.sty
Package: fp-basic 1996/05/13
\FP@xs=\count142
\FP@xia=\count143
\FP@xib=\count144
\FP@xfa=\count145
\FP@xfb=\count146
\FP@rega=\count147
\FP@regb=\count148
\FP@regs=\count149
\FP@times=\count150
)
(e:\Programs\Latex\tex\latex\fp\fp-addons.sty
Package: fp-addons 1995/03/15
)
(e:\Programs\Latex\tex\latex\fp\fp-snap.sty
Package: fp-snap 1995/04/05
)
(e:\Programs\Latex\tex\latex\fp\fp-exp.sty
Package: fp-exp 1995/04/03
)
(e:\Programs\Latex\tex\latex\fp\fp-trigo.sty
Package: fp-trigo 1995/04/14
)
(e:\Programs\Latex\tex\latex\fp\fp-pas.sty
Package: fp-pas 1994/08/29
)
(e:\Programs\Latex\tex\latex\fp\fp-random.sty
Package: fp-random 1995/02/23
\FPseed=\count151
)
(e:\Programs\Latex\tex\latex\fp\fp-eqn.sty
Package: fp-eqn 1995/04/03
)
(e:\Programs\Latex\tex\latex\fp\fp-upn.sty
Package: fp-upn 1996/10/21
)
(e:\Programs\Latex\tex\latex\fp\fp-eval.sty
Package: fp-eval 1995/04/03
)))
\@dtl@toks=\toks38
\@dtl@tmpcount=\count152
\dtl@tmplength=\skip105
\dtl@sortresult=\count153
\@dtl@numgrpsepcount=\count154
\@dtl@datatype=\count155
\dtl@codeA=\count156
\dtl@codeB=\count157
\@dtl@foreach@level=\count158
)
(e:\Programs\Latex\tex\latex\glossaries\base\glossaries-compatible-307.sty
Package: glossaries-compatible-307 2013/11/14 v4.0 (NLCT)
)
\gls@level=\count159
\@gls@tmpb=\toks39
\gls@tmplen=\skip106
\glskeylisttok=\toks40
\glslabeltok=\toks41
\glsshorttok=\toks42
\glslongtok=\toks43

(e:\Programs\Latex\tex\latex\glossaries\styles\glossary-hypernav.sty
Package: glossary-hypernav 2013/11/14 v4.0 (NLCT)
)
(e:\Programs\Latex\tex\latex\glossaries\styles\glossary-list.sty
Package: glossary-list 2013/11/14 v4.0 (NLCT)
\glslistdottedwidth=\skip107
)
(e:\Programs\Latex\tex\latex\glossaries\styles\glossary-long.sty
Package: glossary-long 2013/11/14 v4.0 (NLCT)
\glsdescwidth=\skip108
\glspagelistwidth=\skip109
)
(e:\Programs\Latex\tex\latex\glossaries\styles\glossary-super.sty
Package: glossary-super 2013/11/14 v4.0 (NLCT)

(e:\Programs\Latex\tex\latex\supertabular\supertabular.sty
Package: supertabular 2004/02/20 v4.1e the supertabular environment
\c@tracingst=\count160
\ST@wd=\dimen144
\ST@rightskip=\skip110
\ST@leftskip=\skip111
\ST@parfillskip=\skip112
\ST@pageleft=\dimen145
\ST@headht=\dimen146
\ST@tailht=\dimen147
\ST@pagesofar=\dimen148
\ST@pboxht=\dimen149
\ST@lineht=\dimen150
\ST@stretchht=\dimen151
\ST@prevht=\dimen152
\ST@toadd=\dimen153
\ST@dimen=\dimen154
\ST@pbox=\box34
))
(e:\Programs\Latex\tex\latex\glossaries\styles\glossary-tree.sty
Package: glossary-tree 2014/03/06 v4.04 (NLCT)
\glstreeindent=\skip113
))
(e:\Programs\Latex\tex\latex\tools\multicol.sty
Package: multicol 2011/06/27 v1.7a multicolumn formatting (FMi)
\c@tracingmulticols=\count161
\mult@box=\box35
\multicol@leftmargin=\dimen155
\c@unbalance=\count162
\c@collectmore=\count163
\doublecol@number=\count164
\multicoltolerance=\count165
\multicolpretolerance=\count166
\full@width=\dimen156
\page@free=\dimen157
\premulticols=\dimen158
\postmulticols=\dimen159
\multicolsep=\skip114
\multicolbaselineskip=\skip115
\partial@page=\box36
\last@line=\box37
\mult@rightbox=\box38
\mult@grightbox=\box39
\mult@gfirstbox=\box40
\mult@firstbox=\box41
\@tempa=\box42
\@tempa=\box43
\@tempa=\box44
\@tempa=\box45
\@tempa=\box46
\@tempa=\box47
\@tempa=\box48
\@tempa=\box49
\@tempa=\box50
\@tempa=\box51
\@tempa=\box52
\@tempa=\box53
\@tempa=\box54
\@tempa=\box55
\@tempa=\box56
\@tempa=\box57
\@tempa=\box58
\c@columnbadness=\count167
\c@finalcolumnbadness=\count168
\last@try=\dimen160
\multicolovershoot=\dimen161
\multicolundershoot=\dimen162
\mult@nat@firstbox=\box59
\colbreak@box=\box60
\multicol@sort@counter=\count169
)
(e:\Programs\Latex\tex\latex\nomencl\nomencl.sty
Package: nomencl 2005/09/22 v4.2 Nomenclature package (LN)
\nomlabelwidth=\dimen163
\nom@tempdim=\dimen164
\nomitemsep=\skip116
)
\@nomenclaturefile=\write3

Writing nomenclature file Thesis.nlo
(e:\Programs\Latex\tex\latex\pdfpages\pdfpages.sty
Package: pdfpages 2013/08/25 v0.4v Insert pages of external PDF documents (AM)

(e:\Programs\Latex\tex\latex\eso-pic\eso-pic.sty
Package: eso-pic 2013/10/06 v2.0d eso-pic (RN)
)
(e:\Programs\Latex\tex\latex\pdfpages\pppdftex.def
File: pppdftex.def 2013/08/25 v0.4v Pdfpages driver for pdfTeX (AM)
)
\AM@pagebox=\box61
\AM@toc@title=\toks44
\c@AM@survey=\count170
\AM@templatesizebox=\box62
)
(e:\Programs\Latex\tex\latex\tools\tabularx.sty
Package: tabularx 1999/01/07 v2.07 `tabularx' package (DPC)

(e:\Programs\Latex\tex\latex\tools\array.sty
Package: array 2008/09/09 v2.4c Tabular extension package (FMi)
\col@sep=\dimen165
\extrarowheight=\dimen166
\NC@list=\toks45
\extratabsurround=\skip117
\backup@length=\skip118
)
\TX@col@width=\dimen167
\TX@old@table=\dimen168
\TX@old@col=\dimen169
\TX@target=\dimen170
\TX@delta=\dimen171
\TX@cols=\count171
\TX@ftn=\toks46
)
(e:\Programs\Latex\tex\latex\titlesec\titlesec.sty
Package: titlesec 2011/12/15 v2.10.0 Sectioning titles
\ttl@box=\box63
\beforetitleunit=\skip119
\aftertitleunit=\skip120
\ttl@plus=\dimen172
\ttl@minus=\dimen173
\ttl@toksa=\toks47
\titlewidth=\dimen174
\titlewidthlast=\dimen175
\titlewidthfirst=\dimen176
)
(E:\Dropbox\deep_learning\my_thesis\latex\my_latex_thesis\Thesis.aux
(E:\Dropbox\deep_learning\my_thesis\latex\my_latex_thesis\Chapter1/chapter1.aux
)
(E:\Dropbox\deep_learning\my_thesis\latex\my_latex_thesis\Chapter2/chapter2.aux
)
(E:\Dropbox\deep_learning\my_thesis\latex\my_latex_thesis\Chapter3/chapter3.aux
)
(E:\Dropbox\deep_learning\my_thesis\latex\my_latex_thesis\Chapter4/chapter4.aux
)
(E:\Dropbox\deep_learning\my_thesis\latex\my_latex_thesis\Conclusions/conclusio
ns.aux)
(E:\Dropbox\deep_learning\my_thesis\latex\my_latex_thesis\Appendix/appendix.aux
))
LaTeX Font Info:    Checking defaults for OML/cmm/m/it on input line 71.
LaTeX Font Info:    ... okay on input line 71.
LaTeX Font Info:    Checking defaults for T1/cmr/m/n on input line 71.
LaTeX Font Info:    ... okay on input line 71.
LaTeX Font Info:    Checking defaults for OT1/cmr/m/n on input line 71.
LaTeX Font Info:    ... okay on input line 71.
LaTeX Font Info:    Checking defaults for OMS/cmsy/m/n on input line 71.
LaTeX Font Info:    ... okay on input line 71.
LaTeX Font Info:    Checking defaults for OMX/cmex/m/n on input line 71.
LaTeX Font Info:    ... okay on input line 71.
LaTeX Font Info:    Checking defaults for U/cmr/m/n on input line 71.
LaTeX Font Info:    ... okay on input line 71.
LaTeX Font Info:    Checking defaults for T5/cmr/m/n on input line 71.
LaTeX Font Info:    ... okay on input line 71.
LaTeX Font Info:    Checking defaults for PD1/pdf/m/n on input line 71.
LaTeX Font Info:    ... okay on input line 71.
LaTeX Font Info:    Checking defaults for PU/pdf/m/n on input line 71.
LaTeX Font Info:    ... okay on input line 71.
LaTeX Font Info:    Try loading font information for T5+ptm on input line 71.
 (e:\Programs\Latex\tex\latex\vntex\t5ptm.fd
File: t5utm.fd 2005/08/24 Fontinst v1.929 font definitions for T5/ptm.
)
(e:\Programs\Latex\tex\context\base\supp-pdf.mkii
[Loading MPS to PDF converter (version 2006.09.02).]
\scratchcounter=\count172
\scratchdimen=\dimen177
\scratchbox=\box64
\nofMPsegments=\count173
\nofMParguments=\count174
\everyMPshowfont=\toks48
\MPscratchCnt=\count175
\MPscratchDim=\dimen178
\MPnumerator=\count176
\makeMPintoPDFobject=\count177
\everyMPtoPDFconversion=\toks49
)
*geometry* driver: auto-detecting
*geometry* detected driver: pdftex
*geometry* verbose mode - [ preamble ] result:
* driver: pdftex
* paper: a4paper
* layout: <same size as paper>
* layoutoffset:(h,v)=(0.0pt,0.0pt)
* modes: 
* h-part:(L,W,R)=(99.58464pt, 441.01773pt, 56.9055pt)
* v-part:(T,H,B)=(85.35826pt, 660.10394pt, 99.58464pt)
* \paperwidth=597.50787pt
* \paperheight=845.04684pt
* \textwidth=441.01773pt
* \textheight=660.10394pt
* \oddsidemargin=27.31465pt
* \evensidemargin=27.31465pt
* \topmargin=-24.91173pt
* \headheight=13.0pt
* \headsep=25.0pt
* \topskip=13.0pt
* \footskip=30.0pt
* \marginparwidth=25.0pt
* \marginparsep=10.0pt
* \columnsep=25.0pt
* \skip\footins=11.4pt plus 4.0pt minus 2.0pt
* \hoffset=0.0pt
* \voffset=0.0pt
* \mag=1000
* \@twocolumnfalse
* \@twosidefalse
* \@mparswitchfalse
* \@reversemarginfalse
* (1in=72.27pt=25.4mm, 1cm=28.453pt)

Package caption Info: Begin \AtBeginDocument code.
Package caption Info: float package is loaded.
Package caption Info: hyperref package is loaded.
Package caption Info: longtable package is loaded.
(e:\Programs\Latex\tex\latex\caption\ltcaption.sty
Package: ltcaption 2013/02/03 v1.3-62 longtable captions (AR)
)
Package caption Info: supertabular package is loaded.
Package caption Info: End \AtBeginDocument code.
\AtBeginShipoutBox=\box65
Package hyperref Info: Link coloring ON on input line 71.

(e:\Programs\Latex\tex\latex\hyperref\nameref.sty
Package: nameref 2012/10/27 v2.43 Cross-referencing by name of section

(e:\Programs\Latex\tex\generic\oberdiek\gettitlestring.sty
Package: gettitlestring 2010/12/03 v1.4 Cleanup title references (HO)
)
\c@section@level=\count178
)
LaTeX Info: Redefining \ref on input line 71.
LaTeX Info: Redefining \pageref on input line 71.
LaTeX Info: Redefining \nameref on input line 71.

(E:\Dropbox\deep_learning\my_thesis\latex\my_latex_thesis\Thesis.out)
(E:\Dropbox\deep_learning\my_thesis\latex\my_latex_thesis\Thesis.out)
\@outlinefile=\write4

<docs/BiaPhu.pdf, id=128, 597.432pt x 845.07718pt>
File: docs/BiaPhu.pdf Graphic file (type pdf)
 <use docs/BiaPhu.pdf>
Package pdftex.def Info: docs/BiaPhu.pdf used on input line 74.
(pdftex.def)             Requested size: 597.43054pt x 845.07512pt.
File: docs/BiaPhu.pdf Graphic file (type pdf)

<use docs/BiaPhu.pdf>
Package pdftex.def Info: docs/BiaPhu.pdf used on input line 74.
(pdftex.def)             Requested size: 597.43054pt x 845.07512pt.

<docs/BiaPhu.pdf, id=131, page=1, 597.432pt x 845.07718pt>
File: docs/BiaPhu.pdf Graphic file (type pdf)

<use docs/BiaPhu.pdf, page 1>
Package pdftex.def Info: docs/BiaPhu.pdf, page1 used on input line 74.
(pdftex.def)             Requested size: 597.43054pt x 845.07512pt.
File: docs/BiaPhu.pdf Graphic file (type pdf)
 <use docs/BiaPhu.pdf, page 1>
Package pdftex.def Info: docs/BiaPhu.pdf, page1 used on input line 74.
(pdftex.def)             Requested size: 597.45789pt x 845.1138pt.
File: docs/BiaPhu.pdf Graphic file (type pdf)

<use docs/BiaPhu.pdf, page 1>
Package pdftex.def Info: docs/BiaPhu.pdf, page1 used on input line 74.
(pdftex.def)             Requested size: 597.45789pt x 845.1138pt.
File: docs/BiaPhu.pdf Graphic file (type pdf)
 <use docs/BiaPhu.pdf, page 1>
Package pdftex.def Info: docs/BiaPhu.pdf, page1 used on input line 74.
(pdftex.def)             Requested size: 597.45789pt x 845.1138pt.
File: docs/BiaPhu.pdf Graphic file (type pdf)

<use docs/BiaPhu.pdf, page 1>
Package pdftex.def Info: docs/BiaPhu.pdf, page1 used on input line 74.
(pdftex.def)             Requested size: 597.45789pt x 845.1138pt.
 [1

 <E:/Dropbox/deep_learning/my_thesis/latex/my_latex_thesis/docs/BiaPhu.pdf>]
(E:\Dropbox\deep_learning\my_thesis\latex\my_latex_thesis\Acknowledgments.tex
LaTeX Font Info:    Font shape `T5/ptm/bx/n' in size <15.8> not available
(Font)              Font shape `T5/ptm/b/n' tried instead on input line 2.
LaTeX Font Info:    Font shape `T5/ptm/bx/n' in size <27.4> not available
(Font)              Font shape `T5/ptm/b/n' tried instead on input line 2.
)
[1

{C:/Users/Kien/AppData/Local/MiKTeX/2.9/pdftex/config/pdftex.map}]
LaTeX Font Info:    Font shape `T5/ptm/bx/n' in size <32> not available
(Font)              Font shape `T5/ptm/b/n' tried instead on input line 93.

(E:\Dropbox\deep_learning\my_thesis\latex\my_latex_thesis\Thesis.toc
LaTeX Font Info:    Font shape `T5/ptm/bx/n' in size <13> not available
(Font)              Font shape `T5/ptm/b/n' tried instead on input line 1.
LaTeX Font Info:    Calculating math sizes for size <13> on input line 1.
LaTeX Font Info:    Try loading font information for OT1+ztmcm on input line 1.


(e:\Programs\Latex\tex\latex\psnfss\ot1ztmcm.fd
File: ot1ztmcm.fd 2000/01/03 Fontinst v1.801 font definitions for OT1/ztmcm.
)
LaTeX Font Info:    Try loading font information for OML+ztmcm on input line 1.


(e:\Programs\Latex\tex\latex\psnfss\omlztmcm.fd
File: omlztmcm.fd 2000/01/03 Fontinst v1.801 font definitions for OML/ztmcm.
)
LaTeX Font Info:    Try loading font information for OMS+ztmcm on input line 1.


(e:\Programs\Latex\tex\latex\psnfss\omsztmcm.fd
File: omsztmcm.fd 2000/01/03 Fontinst v1.801 font definitions for OMS/ztmcm.
)
LaTeX Font Info:    Try loading font information for OMX+ztmcm on input line 1.


(e:\Programs\Latex\tex\latex\psnfss\omxztmcm.fd
File: omxztmcm.fd 2000/01/03 Fontinst v1.801 font definitions for OMX/ztmcm.
)
LaTeX Font Info:    Try loading font information for OT1+ptm on input line 1.

(e:\Programs\Latex\tex\latex\psnfss\ot1ptm.fd
File: ot1ptm.fd 2001/06/04 font definitions for OT1/ptm.
)
LaTeX Font Info:    Font shape `OT1/ptm/bx/n' in size <13> not available
(Font)              Font shape `OT1/ptm/b/n' tried instead on input line 1.
LaTeX Font Info:    Font shape `OT1/ptm/bx/n' in size <9.62007> not available
(Font)              Font shape `OT1/ptm/b/n' tried instead on input line 1.
LaTeX Font Info:    Font shape `OT1/ptm/bx/n' in size <7.80008> not available
(Font)              Font shape `OT1/ptm/b/n' tried instead on input line 1.
 [2])
\tf@toc=\write5
 [3]
(E:\Dropbox\deep_learning\my_thesis\latex\my_latex_thesis\Thesis.lof)
\tf@lof=\write6
 [4]
(E:\Dropbox\deep_learning\my_thesis\latex\my_latex_thesis\Thesis.lot)
\tf@lot=\write7
 [5]
(E:\Dropbox\deep_learning\my_thesis\latex\my_latex_thesis\Chapter1/chapter1.tex
Ch\uhorn \ohorn ng 1.
pdfTeX warning (ext4): destination with the same identifier (name{page.1}) has 
been already used, duplicate ignored
<to be read again> 
                   \relax 
l.23 
      [1


]
LaTeX Font Info:    Font shape `T5/ptm/bx/it' in size <13> not available
(Font)              Font shape `T5/ptm/b/it' tried instead on input line 24.

<Chapter1/Chapter1Figs/disentangle.png, id=262, 619.56468pt x 161.10187pt>
File: Chapter1/Chapter1Figs/disentangle.png Graphic file (type png)

<use Chapter1/Chapter1Figs/disentangle.png>
Package pdftex.def Info: Chapter1/Chapter1Figs/disentangle.png used on input li
ne 28.
(pdftex.def)             Requested size: 441.01773pt x 114.67319pt.
LaTeX Font Info:    Try loading font information for OMS+ptm on input line 35.

(e:\Programs\Latex\tex\latex\psnfss\omsptm.fd
File: omsptm.fd 
)
LaTeX Font Info:    Font shape `OMS/ptm/m/n' in size <13> not available
(Font)              Font shape `OMS/cmsy/m/n' tried instead on input line 35.
 [2 <E:/Dropbox/deep_learning/my_thesis/latex/my_latex_thesis/Chapter1/Chapter1
Figs/disentangle.png>] [3]
[4]) [5]
(E:\Dropbox\deep_learning\my_thesis\latex\my_latex_thesis\Chapter2/chapter2.tex
Ch\uhorn \ohorn ng 2.
LaTeX Font Info:    Font shape `T5/ptm/bx/n' in size <19> not available
(Font)              Font shape `T5/ptm/b/n' tried instead on input line 11.
[6



] [7]
<Chapter2/Chapter2Figs/SparseCoding.png, id=320, 587.94656pt x 316.18124pt>
File: Chapter2/Chapter2Figs/SparseCoding.png Graphic file (type png)

<use Chapter2/Chapter2Figs/SparseCoding.png>
Package pdftex.def Info: Chapter2/Chapter2Figs/SparseCoding.png used on input l
ine 42.
(pdftex.def)             Requested size: 441.01773pt x 237.16911pt.
 [8] [9 <E:/Dropbox/deep_learning/my_thesis/latex/my_latex_thesis/Chapter2/Chap
ter2Figs/SparseCoding.png>]
<Chapter2/Chapter2Figs/AE.png, id=335, 378.66469pt x 264.23718pt>
File: Chapter2/Chapter2Figs/AE.png Graphic file (type png)

<use Chapter2/Chapter2Figs/AE.png>
Package pdftex.def Info: Chapter2/Chapter2Figs/AE.png used on input line 65.
(pdftex.def)             Requested size: 302.93216pt x 211.39001pt.
 [10] [11 <E:/Dropbox/deep_learning/my_thesis/latex/my_latex_thesis/Chapter2/Ch
apter2Figs/AE.png>]
<Chapter2/Chapter2Figs/SCvsSAE.png, id=350, 761.84625pt x 300.3722pt>
File: Chapter2/Chapter2Figs/SCvsSAE.png Graphic file (type png)

<use Chapter2/Chapter2Figs/SCvsSAE.png>
Package pdftex.def Info: Chapter2/Chapter2Figs/SCvsSAE.png used on input line 9
0.
(pdftex.def)             Requested size: 441.01773pt x 173.87682pt.
 [12 <E:/Dropbox/deep_learning/my_thesis/latex/my_latex_thesis/Chapter2/Chapter
2Figs/SCvsSAE.png>] [13]
<Chapter2/Chapter2Figs/BGD.png, id=366, 792.71156pt x 406.51875pt>
File: Chapter2/Chapter2Figs/BGD.png Graphic file (type png)

<use Chapter2/Chapter2Figs/BGD.png>
Package pdftex.def Info: Chapter2/Chapter2Figs/BGD.png used on input line 161.
(pdftex.def)             Requested size: 441.01773pt x 226.16643pt.
LaTeX Font Info:    Try loading font information for T5+cmtt on input line 162.


(e:\Programs\Latex\tex\latex\vntex\t5cmtt.fd
File: t5cmtt.fd 1999/05/25 v2.5h Standard LaTeX font definitions
) [14] [15 <E:/Dropbox/deep_learning/my_thesis/latex/my_latex_thesis/Chapter2/C
hapter2Figs/BGD.png>] [16] [17]
[18]
<Chapter2/Chapter2Figs/EarlyStopping.png, id=413, 395.97937pt x 396.7322pt>
File: Chapter2/Chapter2Figs/EarlyStopping.png Graphic file (type png)

<use Chapter2/Chapter2Figs/EarlyStopping.png>
Package pdftex.def Info: Chapter2/Chapter2Figs/EarlyStopping.png used on input 
line 259.
(pdftex.def)             Requested size: 356.37814pt x 357.05566pt.
 [19] [20 <E:/Dropbox/deep_learning/my_thesis/latex/my_latex_thesis/Chapter2/Ch
apter2Figs/EarlyStopping.png>])
[21]
(E:\Dropbox\deep_learning\my_thesis\latex\my_latex_thesis\Chapter3/chapter3.tex
Ch\uhorn \ohorn ng 3.
LaTeX Font Info:    Font shape `OMS/ptm/m/it' in size <13> not available
(Font)              Font shape `OMS/cmsy/m/n' tried instead on input line 13.
[22



] [23] <Chapter3/Chapter3Figs/KL.png, id=448, 484.05844pt x 350.81062pt>
File: Chapter3/Chapter3Figs/KL.png Graphic file (type png)

<use Chapter3/Chapter3Figs/KL.png>
Package pdftex.def Info: Chapter3/Chapter3Figs/KL.png used on input line 39.
(pdftex.def)             Requested size: 352.81552pt x 255.70421pt.
 [24 <E:/Dropbox/deep_learning/my_thesis/latex/my_latex_thesis/Chapter3/Chapter
3Figs/KL.png>] [25]
<Chapter3/Chapter3Figs/KLvsSE.png, id=466, 511.9125pt x 314.67563pt>
File: Chapter3/Chapter3Figs/KLvsSE.png Graphic file (type png)

<use Chapter3/Chapter3Figs/KLvsSE.png>
Package pdftex.def Info: Chapter3/Chapter3Figs/KLvsSE.png used on input line 71
.
(pdftex.def)             Requested size: 330.76329pt x 203.32193pt.
 [26] [27 <E:/Dropbox/deep_learning/my_thesis/latex/my_latex_thesis/Chapter3/Ch
apter3Figs/KLvsSE.png (PNG copy)>]
[28] [29] [30] [31]
<Chapter3/Chapter3Figs/SRAE.png, id=513, 362.85562pt x 219.82124pt>
File: Chapter3/Chapter3Figs/SRAE.png Graphic file (type png)

<use Chapter3/Chapter3Figs/SRAE.png>
Package pdftex.def Info: Chapter3/Chapter3Figs/SRAE.png used on input line 139.

(pdftex.def)             Requested size: 264.61333pt x 160.30716pt.

<Chapter3/Chapter3Figs/local_charts.png, id=514, 686.565pt x 270.25969pt>
File: Chapter3/Chapter3Figs/local_charts.png Graphic file (type png)

<use Chapter3/Chapter3Figs/local_charts.png>
Package pdftex.def Info: Chapter3/Chapter3Figs/local_charts.png used on input l
ine 145.
(pdftex.def)             Requested size: 441.01773pt x 173.60066pt.
) [32 <E:/Dropbox/deep_learning/my_thesis/latex/my_latex_thesis/Chapter3/Chapte
r3Figs/SRAE.png>] [33 <E:/Dropbox/deep_learning/my_thesis/latex/my_latex_thesis
/Chapter3/Chapter3Figs/local_charts.png>]
(E:\Dropbox\deep_learning\my_thesis\latex\my_latex_thesis\Chapter4/chapter4.tex
Ch\uhorn \ohorn ng 4.
<Chapter4/Chapter4Figs/MNIST.png, id=531, 290.08376pt x 290.08376pt>
File: Chapter4/Chapter4Figs/MNIST.png Graphic file (type png)

<use Chapter4/Chapter4Figs/MNIST.png>
Package pdftex.def Info: Chapter4/Chapter4Figs/MNIST.png used on input line 16.

(pdftex.def)             Requested size: 290.08304pt x 290.08304pt.
 [34



] [35 <E:/Dropbox/deep_learning/my_thesis/latex/my_latex_thesis/Chapter4/Chapte
r4Figs/MNIST.png (PNG copy)>]
<Chapter4/Chapter4Figs/SGD_vs_SW-SGD.png, id=545, 529.98pt x 418.56375pt>
File: Chapter4/Chapter4Figs/SGD_vs_SW-SGD.png Graphic file (type png)

<use Chapter4/Chapter4Figs/SGD_vs_SW-SGD.png>
Package pdftex.def Info: Chapter4/Chapter4Figs/SGD_vs_SW-SGD.png used on input 
line 32.
(pdftex.def)             Requested size: 352.81552pt x 278.64795pt.

<Chapter4/Chapter4Figs/some_filters.png, id=547, 686.565pt x 380.17032pt>
File: Chapter4/Chapter4Figs/some_filters.png Graphic file (type png)

<use Chapter4/Chapter4Figs/some_filters.png>
Package pdftex.def Info: Chapter4/Chapter4Figs/some_filters.png used on input l
ine 40.
(pdftex.def)             Requested size: 441.01773pt x 244.2015pt.
 [36] [37 <E:/Dropbox/deep_learning/my_thesis/latex/my_latex_thesis/Chapter4/Ch
apter4Figs/SGD_vs_SW-SGD.png>]
[38 <E:/Dropbox/deep_learning/my_thesis/latex/my_latex_thesis/Chapter4/Chapter4
Figs/some_filters.png>] [39] [40]) [41] [42]
(E:\Dropbox\deep_learning\my_thesis\latex\my_latex_thesis\Conclusions/conclusio
ns.tex
Ch\uhorn \ohorn ng 5.
[43



] [44]) [45]
(E:\Dropbox\deep_learning\my_thesis\latex\my_latex_thesis\Appendix/appendix.tex
) [46



] (E:\Dropbox\deep_learning\my_thesis\latex\my_latex_thesis\Thesis.bbl
(E:\Dropbox\deep_learning\my_thesis\latex\my_latex_thesis\Thesis.brf)
\tf@brf=\write8
 [47


])
Package atveryend Info: Empty hook `BeforeClearDocument' on input line 197.

[48]
Package atveryend Info: Empty hook `AfterLastShipout' on input line 197.
 (E:\Dropbox\deep_learning\my_thesis\latex\my_latex_thesis\Thesis.aux
(E:\Dropbox\deep_learning\my_thesis\latex\my_latex_thesis\Chapter1/chapter1.aux
)
(E:\Dropbox\deep_learning\my_thesis\latex\my_latex_thesis\Chapter2/chapter2.aux
)
(E:\Dropbox\deep_learning\my_thesis\latex\my_latex_thesis\Chapter3/chapter3.aux
)
(E:\Dropbox\deep_learning\my_thesis\latex\my_latex_thesis\Chapter4/chapter4.aux
)
(E:\Dropbox\deep_learning\my_thesis\latex\my_latex_thesis\Conclusions/conclusio
ns.aux)
(E:\Dropbox\deep_learning\my_thesis\latex\my_latex_thesis\Appendix/appendix.aux
))
Package atveryend Info: Executing hook `AtVeryEndDocument' on input line 197.
Package atveryend Info: Executing hook `AtEndAfterFileList' on input line 197.
Package rerunfilecheck Info: File `Thesis.out' has not changed.
(rerunfilecheck)             Checksum: CCCDC41AD9D8B118701D06D4B08FC950;7554.
Package rerunfilecheck Info: File `Thesis.brf' has not changed.
(rerunfilecheck)             Checksum: A0A1602B299FB95B25115E452D55BB9C;2773.
Package atveryend Info: Empty hook `AtVeryVeryEnd' on input line 197.
 ) 
Here is how much of TeX's memory you used:
 18843 strings out of 493921
 271943 string characters out of 3151295
 412128 words of memory out of 3000000
 21523 multiletter control sequences out of 15000+200000
 53315 words of font info for 85 fonts, out of 3000000 for 9000
 841 hyphenation exceptions out of 8191
 46i,22n,77p,2645b,517s stack positions out of 5000i,500n,10000p,200000b,50000s
{e:/Programs/Latex/fonts/enc/dvips/fontname/t5.enc}{e:/Programs/Latex/fonts/e
nc/dvips/fontname/8r.enc}<e:/Programs/Latex/fonts/type1/public/amsfonts/cm/cmex
10.pfb><e:/Programs/Latex/fonts/type1/public/amsfonts/cm/cmmi10.pfb><e:/Program
s/Latex/fonts/type1/public/amsfonts/cm/cmr10.pfb><e:/Programs/Latex/fonts/type1
/public/amsfonts/cm/cmsy10.pfb><e:/Programs/Latex/fonts/type1/public/amsfonts/s
ymbols/msbm10.pfb><e:/Programs/Latex/fonts/type1/urw/symbol/usyr.pfb><e:/Progra
ms/Latex/fonts/type1/urw/symbol/usyr.pfb><e:/Programs/Latex/fonts/type1/vntex/u
rwvn/utmb8v.pfb><e:/Programs/Latex/fonts/type1/vntex/urwvn/utmbi8v.pfb><e:/Prog
rams/Latex/fonts/type1/urw/times/utmr8a.pfb><e:/Programs/Latex/fonts/type1/vnte
x/urwvn/utmr8v.pfb><e:/Programs/Latex/fonts/type1/urw/times/utmri8a.pfb><e:/Pro
grams/Latex/fonts/type1/vntex/urwvn/utmri8v.pfb><e:/Programs/Latex/fonts/type1/
vntex/vnr/vntt12.pfb>
Output written on Thesis.pdf (54 pages, 1687339 bytes).
PDF statistics:
 734 PDF objects out of 1000 (max. 8388607)
 145 named destinations out of 1000 (max. 500000)
 342 words of extra memory for PDF output out of 10000 (max. 10000000)

