\BOOKMARK [0][]{chapter*.1}{\376\377\000L\036\334\000I\000\040\000C\036\242\000M\000\040\001\240\000N}{}% 1
\BOOKMARK [0][]{chapter*.1}{\376\377\000M\036\344\000C\000\040\000L\036\344\000C}{}% 2
\BOOKMARK [0][]{chapter*.1}{\376\377\000D\000A\000N\000H\000\040\000M\036\344\000C\000\040\000H\000\314\000N\000H\000\040\036\242\000N\000H}{}% 3
\BOOKMARK [0][]{chapter*.1}{\376\377\000D\000A\000N\000H\000\040\000M\036\344\000C\000\040\000B\036\242\000N\000G}{}% 4
\BOOKMARK [0][]{chapter.1}{\376\377\0001\000\040\000G\000i\036\333\000i\000\040\000T\000h\000i\036\307\000u\000\040}{}% 5
\BOOKMARK [1][]{section.1.1}{\376\377\0001\000.\0001\000\040\000C\000\341\000c\000\040\000p\000h\001\260\001\241\000n\000g\000\040\000p\000h\000\341\000p\000\040\000D\036\313\000c\000h\000\040\000m\000\341\000y}{chapter.1}% 6
\BOOKMARK [1][]{section.1.2}{\376\377\0001\000.\0002\000\040\000D\036\313\000c\000h\000\040\000m\000\341\000y\000\040\000N\001\241\000-\000r\000o\000n}{chapter.1}% 7
\BOOKMARK [0][]{chapter.2}{\376\377\0002\000\040\000K\000i\036\277\000n\000\040\000T\000h\036\351\000c\000\040\000N\036\301\000n\000\040\000T\036\243\000n\000g}{}% 8
\BOOKMARK [1][]{section.2.1}{\376\377\0002\000.\0001\000\040\000`\000`\000M\000\364\000\040\000h\000\354\000n\000h\000\040\000n\000g\000\364\000n\000\040\000n\000g\036\357\000\040\000\050\000L\000a\000n\000g\000u\000a\000g\000e\000\040\000m\000o\000d\000e\000l\000i\000n\000g\000\051\000'\000'}{chapter.2}% 9
\BOOKMARK [1][]{section.2.2}{\376\377\0002\000.\0002\000\040\000`\000`\000S\000p\000a\000r\000s\000e\000\040\000A\000u\000t\000o\000-\000E\000n\000c\000o\000d\000e\000r\000s\000'\000'}{chapter.2}% 10
\BOOKMARK [1][]{section.2.3}{\376\377\0002\000.\0003\000\040\000`\000`\000S\000o\000f\000t\000m\000a\000x\000\040\000R\000e\000g\000r\000e\000s\000s\000i\000o\000n\000'\000'}{chapter.2}% 11
\BOOKMARK [2][]{subsection.2.3.1}{\376\377\0002\000.\0003\000.\0001\000\040\000H\000\340\000m\000\040\000d\036\361\000\040\001\021\000o\000\341\000n\000\040\000c\036\347\000a\000\040\000`\000`\000S\000o\000f\000t\000m\000a\000x\000\040\000R\000e\000g\000r\000e\000s\000s\000i\000o\000n\000'\000'}{section.2.3}% 12
\BOOKMARK [2][]{subsection.2.3.2}{\376\377\0002\000.\0003\000.\0002\000\040\000T\000\354\000m\000\040\000c\000\341\000c\000\040\000t\000h\000a\000m\000\040\000s\036\321\000\040\000c\036\347\000a\000\040\000h\000\340\000m\000\040\000d\036\361\000\040\001\021\000o\000\341\000n\000\040\000c\036\347\000a\000\040\000`\000`\000S\000o\000f\000t\000m\000a\000x\000\040\000R\000e\000g\000r\000e\000s\000s\000i\000o\000n\000'\000'}{section.2.3}% 13
\BOOKMARK [1][]{section.2.4}{\376\377\0002\000.\0004\000\040\000`\000`\000G\000r\000a\000d\000i\000e\000n\000t\000\040\000D\000e\000s\000c\000e\000n\000t\000'\000'}{chapter.2}% 14
\BOOKMARK [2][]{subsection.2.4.1}{\376\377\0002\000.\0004\000.\0001\000\040\000`\000`\000B\000a\000t\000c\000h\000\040\000G\000r\000a\000d\000i\000e\000n\000t\000\040\000D\000e\000s\000c\000e\000n\000t\000'\000'}{section.2.4}% 15
\BOOKMARK [2][]{subsection.2.4.2}{\376\377\0002\000.\0004\000.\0002\000\040\000`\000`\000S\000t\000o\000c\000h\000a\000s\000t\000i\000c\000\040\000G\000r\000a\000d\000i\000e\000n\000t\000\040\000D\000e\000s\000c\000e\000n\000t\000'\000'}{section.2.4}% 16
\BOOKMARK [2][]{subsection.2.4.3}{\376\377\0002\000.\0004\000.\0003\000\040\000C\000h\000i\036\277\000n\000\040\000l\001\260\036\343\000c\000\040\000`\000`\000d\036\353\000n\000g\000\040\000s\036\333\000m\000'\000'}{section.2.4}% 17
\BOOKMARK [0][]{chapter.3}{\376\377\0003\000\040\000C\001\241\000\040\000c\000h\036\277\000\040\000A\000t\000t\000e\000n\000t\000i\000o\000n\000\040\000c\000h\000o\000\040\000m\000\364\000\040\000h\000\354\000n\000h\000\040\000D\036\313\000c\000h\000\040\000m\000\341\000y}{}% 18
\BOOKMARK [1][]{section.3.1}{\376\377\0003\000.\0001\000\040\000C\001\241\000\040\000c\000h\036\277\000\040\000A\000t\000t\000e\000n\000t\000i\000o\000n}{chapter.3}% 19
\BOOKMARK [1][]{section.3.2}{\376\377\0003\000.\0002\000\040\000A\000t\000t\000e\000n\000t\000i\000o\000n\000\040\000T\000o\000\340\000n\000\040\000c\036\345\000c}{chapter.3}% 20
\BOOKMARK [1][]{section.3.3}{\376\377\0003\000.\0003\000\040\000A\000t\000t\000e\000n\000t\000i\000o\000n\000\040\000C\036\345\000c\000\040\000b\036\331}{chapter.3}% 21
\BOOKMARK [2][]{subsection.3.3.1}{\376\377\0003\000.\0003\000.\0001\000\040\000C\001\241\000\040\000c\000h\036\277\000\040\000I\000n\000p\000u\000t\000\040\000f\000e\000e\000d\000i\000n\000g}{section.3.3}% 22
\BOOKMARK [2][]{subsection.3.3.2}{\376\377\0003\000.\0003\000.\0002\000\040\000T\000h\000u\036\255\000t\000\040\000t\000o\000\341\000n\000\040\000`\000`\000S\000l\000e\000e\000p\000-\000W\000a\000k\000e\000\040\000S\000t\000o\000c\000h\000a\000s\000t\000i\000c\000\040\000G\000r\000a\000d\000i\000e\000n\000t\000\040\000D\000e\000s\000c\000e\000n\000t\000'\000'}{section.3.3}% 23
\BOOKMARK [1][]{section.3.4}{\376\377\0003\000.\0004\000\040\000R\000\340\000n\000g\000\040\000b\000u\036\331\000c\000\040\000t\000r\036\315\000n\000g\000\040\000s\036\321\000\040\000t\000r\000o\000n\000g\000\040\000S\000R\000A\000E\000s}{chapter.3}% 24
\BOOKMARK [2][]{subsection.3.4.1}{\376\377\0003\000.\0004\000.\0001\000\040\000C\000\341\000c\000h\000\040\000r\000\340\000n\000g\000\040\000b\000u\036\331\000c\000\040\000t\000r\036\315\000n\000g\000\040\000s\036\321\000\040\001\021\036\301\000\040\000x\000u\036\245\000t\000\040\000c\000h\000o\000\040\000S\000R\000A\000E\000s}{section.3.4}% 25
\BOOKMARK [0][]{chapter.4}{\376\377\0004\000\040\000C\000\341\000c\000\040\000K\036\277\000t\000\040\000Q\000u\036\243\000\040\000T\000h\000\355\000\040\000N\000g\000h\000i\036\307\000m}{}% 26
\BOOKMARK [1][]{section.4.1}{\376\377\0004\000.\0001\000\040\000C\000\341\000c\000\040\000t\000h\000i\036\277\000t\000\040\000l\036\255\000p\000\040\000t\000h\000\355\000\040\000n\000g\000h\000i\036\307\000m}{chapter.4}% 27
\BOOKMARK [1][]{section.4.2}{\376\377\0004\000.\0002\000\040\000S\000G\000D\000\040\000v\000\340\000\040\000S\000W\000-\000S\000G\000D}{chapter.4}% 28
\BOOKMARK [1][]{section.4.3}{\376\377\0004\000.\0003\000\040\000C\000\341\000c\000h\000\040\000r\000\340\000n\000g\000\040\000b\000u\036\331\000c\000\040\000t\000r\036\315\000n\000g\000\040\000s\036\321\000\040\001\021\036\301\000\040\000x\000u\036\245\000t\000\040\000c\036\347\000a\000\040\000c\000h\000\372\000n\000g\000\040\000t\000\364\000i\000\040\000v\000\340\000\040\000c\000\341\000c\000\040\000c\000\341\000c\000h\000\040\000r\000\340\000n\000g\000\040\000b\000u\036\331\000c\000\040\000t\000r\036\315\000n\000g\000\040\000s\036\321\000\040\000k\000h\000\341\000c}{chapter.4}% 29
\BOOKMARK [1][]{section.4.4}{\376\377\0004\000.\0004\000\040\000S\000R\000A\000E\000s\000\040\000v\000\340\000\040\000c\000\341\000c\000\040\000l\000o\036\241\000i\000\040\000`\000`\000A\000u\000t\000o\000-\000E\000n\000c\000o\000d\000e\000r\000s\000'\000'\000\040\000k\000h\000\341\000c}{chapter.4}% 30
\BOOKMARK [0][]{chapter.5}{\376\377\0005\000\040\000K\036\277\000t\000\040\000L\000u\036\255\000n\000\040\000v\000\340\000\040\000H\001\260\036\333\000n\000g\000\040\000P\000h\000\341\000t\000\040\000T\000r\000i\036\303\000n}{}% 31
\BOOKMARK [1][]{section.5.1}{\376\377\0005\000.\0001\000\040\000K\036\277\000t\000\040\000l\000u\036\255\000n}{chapter.5}% 32
\BOOKMARK [1][]{section.5.2}{\376\377\0005\000.\0002\000\040\000H\001\260\036\333\000n\000g\000\040\000p\000h\000\341\000t\000\040\000t\000r\000i\036\303\000n}{chapter.5}% 33
\BOOKMARK [0][]{chapter*.20}{\376\377\000P\000h\036\345\000\040\000L\036\345\000c\000:\000\040\000C\000\341\000c\000\040\000C\000\364\000n\000g\000\040\000T\000r\000\354\000n\000h\000\040\001\020\000\343\000\040\000C\000\364\000n\000g\000\040\000B\036\321}{}% 34
\BOOKMARK [0][]{chapter*.21}{\376\377\000T\000\300\000I\000\040\000L\000I\036\306\000U\000\040\000T\000H\000A\000M\000\040\000K\000H\036\242\000O}{}% 35
